# JRE version: OpenJDK Runtime Environment Homebrew (26.0.1) (build 26.0.1)
# Java VM: OpenJDK 64-Bit Server VM Homebrew (26.0.1, mixed mode, sharing, tiered, compressed oops, compressed class ptrs, g1 gc, bsd-aarch64)
Heap:
 garbage-first heap   total reserved 4194304K, committed 163840K, used 29141K [0x0000000300800000, 0x0000000400800000)
  region size 2M, 4 eden (8M), 3 survivor (6M), 6 old (12M), 3 humongous (6M), 64 free (128M)
GC Heap Usage History (20 events):
Event: 0.236 {heap Before GC invocations=3 (full 0):
 garbage-first heap   total reserved 4194304K, committed 30720K, used 14527K [0x0000000300800000, 0x0000000400800000)
  region size 2M, 7 eden (14M), 1 survivor (2M), 1 old (2M), 0 humongous (0M), 6 free (12M)
}
Event: 0.237 {heap After GC invocations=4 (full 0):
 garbage-first heap   total reserved 4194304K, committed 30720K, used 3576K [0x0000000300800000, 0x0000000400800000)
  region size 2M, 0 eden (0M), 1 survivor (2M), 2 old (4M), 0 humongous (0M), 12 free (24M)
}
Event: 0.337 {heap Before GC invocations=4 (full 0):
 garbage-first heap   total reserved 4194304K, committed 30720K, used 17912K [0x0000000300800000, 0x0000000400800000)
  region size 2M, 8 eden (16M), 1 survivor (2M), 2 old (4M), 0 humongous (0M), 4 free (8M)
}
Event: 0.338 {heap After GC invocations=5 (full 0):
 garbage-first heap   total reserved 4194304K, committed 30720K, used 5175K [0x0000000300800000, 0x0000000400800000)
  region size 2M, 0 eden (0M), 2 survivor (4M), 2 old (4M), 0 humongous (0M), 11 free (22M)
}
Event: 0.388 {heap Before GC invocations=5 (full 0):
 garbage-first heap   total reserved 4194304K, committed 30720K, used 19511K [0x0000000300800000, 0x0000000400800000)
  region size 2M, 7 eden (14M), 2 survivor (4M), 2 old (4M), 0 humongous (0M), 4 free (8M)
}
Event: 0.389 {heap After GC invocations=6 (full 0):
 garbage-first heap   total reserved 4194304K, committed 30720K, used 7212K [0x0000000300800000, 0x0000000400800000)
  region size 2M, 0 eden (0M), 2 survivor (4M), 3 old (6M), 0 humongous (0M), 10 free (20M)
}
Event: 0.520 {heap Before GC invocations=6 (full 0):
 garbage-first heap   total reserved 4194304K, committed 30720K, used 19500K [0x0000000300800000, 0x0000000400800000)
  region size 2M, 7 eden (14M), 2 survivor (4M), 3 old (6M), 0 humongous (0M), 3 free (6M)
}
Event: 0.521 {heap After GC invocations=7 (full 0):
 garbage-first heap   total reserved 4194304K, committed 30720K, used 7961K [0x0000000300800000, 0x0000000400800000)
  region size 2M, 0 eden (0M), 2 survivor (4M), 3 old (6M), 0 humongous (0M), 10 free (20M)
}
Event: 0.565 {heap Before GC invocations=7 (full 0):
 garbage-first heap   total reserved 4194304K, committed 30720K, used 22297K [0x0000000300800000, 0x0000000400800000)
  region size 2M, 7 eden (14M), 2 survivor (4M), 3 old (6M), 0 humongous (0M), 3 free (6M)
}
Event: 0.566 {heap After GC invocations=8 (full 0):
 garbage-first heap   total reserved 4194304K, committed 30720K, used 8644K [0x0000000300800000, 0x0000000400800000)
  region size 2M, 0 eden (0M), 1 survivor (2M), 4 old (8M), 0 humongous (0M), 10 free (20M)
}
Event: 1537.348 {heap Before GC invocations=8 (full 0):
 garbage-first heap   total reserved 4194304K, committed 30720K, used 25028K [0x0000000300800000, 0x0000000400800000)
  region size 2M, 8 eden (16M), 1 survivor (2M), 4 old (8M), 1 humongous (2M), 1 free (2M)
}
Event: 1537.369 {heap After GC invocations=9 (full 0):
 garbage-first heap   total reserved 4194304K, committed 32768K, used 13219K [0x0000000300800000, 0x0000000400800000)
  region size 2M, 0 eden (0M), 2 survivor (4M), 4 old (8M), 1 humongous (2M), 9 free (18M)
}
Event: 1879.501 {heap Before GC invocations=9 (full 0):
 garbage-first heap   total reserved 4194304K, committed 32768K, used 19363K [0x0000000300800000, 0x0000000400800000)
  region size 2M, 4 eden (8M), 2 survivor (4M), 4 old (8M), 1 humongous (2M), 5 free (10M)
}
Event: 1879.505 {heap After GC invocations=10 (full 0):
 garbage-first heap   total reserved 4194304K, committed 32768K, used 14071K [0x0000000300800000, 0x0000000400800000)
  region size 2M, 0 eden (0M), 1 survivor (2M), 6 old (12M), 1 humongous (2M), 8 free (16M)
}
Event: 1901.396 {heap Before GC invocations=11 (full 0):
 garbage-first heap   total reserved 4194304K, committed 32768K, used 24311K [0x0000000300800000, 0x0000000400800000)
  region size 2M, 6 eden (12M), 1 survivor (2M), 6 old (12M), 1 humongous (2M), 2 free (4M)
}
Event: 1901.397 {heap After GC invocations=12 (full 0):
 garbage-first heap   total reserved 4194304K, committed 32768K, used 14710K [0x0000000300800000, 0x0000000400800000)
  region size 2M, 0 eden (0M), 1 survivor (2M), 6 old (12M), 1 humongous (2M), 8 free (16M)
}
Event: 3755.177 {heap Before GC invocations=12 (full 0):
 garbage-first heap   total reserved 4194304K, committed 221184K, used 209270K [0x0000000300800000, 0x0000000400800000)
  region size 2M, 4 eden (8M), 1 survivor (2M), 6 old (12M), 93 humongous (186M), 4 free (8M)
}
Event: 3755.181 {heap After GC invocations=13 (full 0):
 garbage-first heap   total reserved 4194304K, committed 221184K, used 16137K [0x0000000300800000, 0x0000000400800000)
  region size 2M, 0 eden (0M), 1 survivor (2M), 6 old (12M), 1 humongous (2M), 100 free (200M)
}
Event: 10364.236 {heap Before GC invocations=13 (full 0):
 garbage-first heap   total reserved 4194304K, committed 221184K, used 102153K [0x0000000300800000, 0x0000000400800000)
  region size 2M, 41 eden (82M), 1 survivor (2M), 6 old (12M), 3 humongous (6M), 57 free (114M)
}
Event: 10364.239 {heap After GC invocations=14 (full 0):
 garbage-first heap   total reserved 4194304K, committed 163840K, used 22997K [0x0000000300800000, 0x0000000400800000)
  region size 2M, 0 eden (0M), 3 survivor (6M), 6 old (12M), 3 humongous (6M), 68 free (136M)
}

